Performing C SOURCE FILE Test CMAKE_HAVE_LIBC_PTHREAD failed with the following output:
Change Dir: /home/fb/SLAM/OrbDenseSurfelMapping/kitti_publisher/build/CMakeFiles/CMakeTmp

Run Build Command(s):/usr/bin/make cmTC_414f6/fast && /usr/bin/make -f CMakeFiles/cmTC_414f6.dir/build.make CMakeFiles/cmTC_414f6.dir/build
make[1]: Entering directory '/home/fb/SLAM/OrbDenseSurfelMapping/kitti_publisher/build/CMakeFiles/CMakeTmp'
Building C object CMakeFiles/cmTC_414f6.dir/src.c.o
/usr/bin/cc   -DCMAKE_HAVE_LIBC_PTHREAD   -o CMakeFiles/cmTC_414f6.dir/src.c.o   -c /home/fb/SLAM/OrbDenseSurfelMapping/kitti_publisher/build/CMakeFiles/CMakeTmp/src.c
Linking C executable cmTC_414f6
/opt/cmake/bin/cmake -E cmake_link_script CMakeFiles/cmTC_414f6.dir/link.txt --verbose=1
/usr/bin/cc  -DCMAKE_HAVE_LIBC_PTHREAD    -rdynamic CMakeFiles/cmTC_414f6.dir/src.c.o  -o cmTC_414f6 
CMakeFiles/cmTC_414f6.dir/src.c.o：在函数‘main’中：
src.c:(.text+0x3c)：对‘pthread_create’未定义的引用
src.c:(.text+0x48)：对‘pthread_detach’未定义的引用
src.c:(.text+0x59)：对‘pthread_join’未定义的引用
src.c:(.text+0x6d)：对‘pthread_atfork’未定义的引用
collect2: error: ld returned 1 exit status
CMakeFiles/cmTC_414f6.dir/build.make:86: recipe for target 'cmTC_414f6' failed
make[1]: *** [cmTC_414f6] Error 1
make[1]: Leaving directory '/home/fb/SLAM/OrbDenseSurfelMapping/kitti_publisher/build/CMakeFiles/CMakeTmp'
Makefile:121: recipe for target 'cmTC_414f6/fast' failed
make: *** [cmTC_414f6/fast] Error 2


Source file was:
#include <pthread.h>

void* test_func(void* data)
{
  return data;
}

int main(void)
{
  pthread_t thread;
  pthread_create(&thread, NULL, test_func, NULL);
  pthread_detach(thread);
  pthread_join(thread, NULL);
  pthread_atfork(NULL, NULL, NULL);
  pthread_exit(NULL);

  return 0;
}

Determining if the function pthread_create exists in the pthreads failed with the following output:
Change Dir: /home/fb/SLAM/OrbDenseSurfelMapping/kitti_publisher/build/CMakeFiles/CMakeTmp

Run Build Command(s):/usr/bin/make cmTC_655a2/fast && /usr/bin/make -f CMakeFiles/cmTC_655a2.dir/build.make CMakeFiles/cmTC_655a2.dir/build
make[1]: Entering directory '/home/fb/SLAM/OrbDenseSurfelMapping/kitti_publisher/build/CMakeFiles/CMakeTmp'
Building C object CMakeFiles/cmTC_655a2.dir/CheckFunctionExists.c.o
/usr/bin/cc   -DCHECK_FUNCTION_EXISTS=pthread_create   -o CMakeFiles/cmTC_655a2.dir/CheckFunctionExists.c.o   -c /opt/cmake/share/cmake-3.15/Modules/CheckFunctionExists.c
Linking C executable cmTC_655a2
/opt/cmake/bin/cmake -E cmake_link_script CMakeFiles/cmTC_655a2.dir/link.txt --verbose=1
/usr/bin/cc  -DCHECK_FUNCTION_EXISTS=pthread_create    -rdynamic CMakeFiles/cmTC_655a2.dir/CheckFunctionExists.c.o  -o cmTC_655a2 -lpthreads 
/usr/bin/ld: 找不到 -lpthreads
collect2: error: ld returned 1 exit status
CMakeFiles/cmTC_655a2.dir/build.make:86: recipe for target 'cmTC_655a2' failed
make[1]: *** [cmTC_655a2] Error 1
make[1]: Leaving directory '/home/fb/SLAM/OrbDenseSurfelMapping/kitti_publisher/build/CMakeFiles/CMakeTmp'
Makefile:121: recipe for target 'cmTC_655a2/fast' failed
make: *** [cmTC_655a2/fast] Error 2



